<?xml version="1.0" encoding="UTF-8"?>
<!-- Generated by org.testng.reporters.JUnitReportReporter -->
<testsuite hostname="DESKTOP-MNUBRGL" failures="0" tests="2" name="com.crm.qa.testclasses.HomePageTest" time="33.017" errors="0" timestamp="2022-05-29T00:37:44 IST" skipped="0">
  <testcase classname="com.crm.qa.testclasses.HomePageTest" name="validateUser" time="9.666"/>
  <system-out/>
  <testcase classname="com.crm.qa.testclasses.HomePageTest" name="validateLogo" time="23.351"/>
  <system-out/>
</testsuite> <!-- com.crm.qa.testclasses.HomePageTest -->
