<?xml version="1.0" encoding="UTF-8"?>
<!-- Generated by org.testng.reporters.JUnitReportReporter -->
<testsuite hostname="DESKTOP-MNUBRGL" failures="0" tests="5" name="com.crm.qa.testclasses.TestClass" time="0.021" errors="0" timestamp="2022-05-26T12:12:21 IST" skipped="0">
  <testcase classname="com.crm.qa.testclasses.TestClass" name="test" time="0.008"/>
  <system-out/>
  <testcase classname="com.crm.qa.testclasses.TestClass" name="test" time="0.003"/>
  <system-out/>
  <testcase classname="com.crm.qa.testclasses.TestClass" name="test" time="0.005"/>
  <system-out/>
  <testcase classname="com.crm.qa.testclasses.TestClass" name="test" time="0.003"/>
  <system-out/>
  <testcase classname="com.crm.qa.testclasses.TestClass" name="test" time="0.002"/>
  <system-out/>
</testsuite> <!-- com.crm.qa.testclasses.TestClass -->
