<?xml version="1.0" encoding="UTF-8"?>
<!-- Generated by org.testng.reporters.JUnitReportReporter -->
<testsuite hostname="DESKTOP-MNUBRGL" failures="0" tests="3" name="com.crm.qa.testclasses.LoginPageTest" time="48.148" errors="0" timestamp="2022-06-01T15:34:36 IST" skipped="0">
  <testcase classname="com.crm.qa.testclasses.LoginPageTest" name="checkTitle" time="24.315"/>
  <system-out/>
  <testcase classname="com.crm.qa.testclasses.LoginPageTest" name="loginWithValidUser" time="11.427"/>
  <system-out/>
  <testcase classname="com.crm.qa.testclasses.LoginPageTest" name="loginWithinValidData" time="12.406"/>
  <system-out/>
</testsuite> <!-- com.crm.qa.testclasses.LoginPageTest -->
