<?xml version="1.0" encoding="UTF-8"?>
<!-- Generated by org.testng.reporters.JUnitReportReporter -->
<testsuite hostname="DESKTOP-MNUBRGL" failures="0" tests="1" name="com.crm.baseclass.BaseClass" time="16.503" errors="0" timestamp="2021-06-29T05:44:42 IST" skipped="0">
  <testcase classname="com.crm.baseclass.BaseClass" name="test" time="16.503"/>
  <system-out/>
</testsuite> <!-- com.crm.baseclass.BaseClass -->
