<?xml version="1.0" encoding="UTF-8"?>
<!-- Generated by org.testng.reporters.JUnitReportReporter -->
<testsuite hostname="DESKTOP-MNUBRGL" failures="0" tests="1" name="com.crm.qa.testclasses.ContactPageTest" time="16.908" errors="0" timestamp="2021-08-02T20:41:19 IST" skipped="0">
  <testcase classname="com.crm.qa.testclasses.ContactPageTest" name="CheckTitle" time="16.908"/>
  <system-out/>
</testsuite> <!-- com.crm.qa.testclasses.ContactPageTest -->
